2022-03-19 00:23:04.521 DEBUG o.s.w.c.s.StandardServletEnvironment  (98) Adding PropertySource 'configurationProperties' with highest search precedence
2022-03-19 00:23:06.121 DEBUG o.s.w.c.s.StandardServletEnvironment  (109) Adding PropertySource 'servletConfigInitParams' with lowest search precedence
2022-03-19 00:23:06.122 DEBUG o.s.w.c.s.StandardServletEnvironment  (109) Adding PropertySource 'servletContextInitParams' with lowest search precedence
2022-03-19 00:23:06.123 DEBUG o.s.w.c.s.StandardServletEnvironment  (109) Adding PropertySource 'systemProperties' with lowest search precedence
2022-03-19 00:23:06.123 DEBUG o.s.w.c.s.StandardServletEnvironment  (109) Adding PropertySource 'systemEnvironment' with lowest search precedence
2022-03-19 00:23:06.124 DEBUG o.s.w.c.s.StandardServletEnvironment  (125) Initialized StandardServletEnvironment with PropertySources [StubPropertySource {name='servletConfigInitParams'}, StubPropertySource {name='servletContextInitParams'}, MapPropertySource {name='systemProperties'}, SystemEnvironmentPropertySource {name='systemEnvironment'}]
2022-03-19 00:23:10.321 INFO  o.s.b.w.s.c.AnnotationConfigServletWebServerApplicationContext (590) Refreshing org.springframework.boot.web.servlet.context.AnnotationConfigServletWebServerApplicationContext@507bb49a: startup date [Sat Mar 19 00:23:10 UTC 2022]; root of context hierarchy
2022-03-19 00:23:11.123 WARN  o.s.b.c.ConfigurationWarningsApplicationContextInitializer (108) 

** WARNING ** : Your ApplicationContext is unlikely to start due to a @ComponentScan of the default package.


2022-03-19 00:23:27.322 WARN  o.s.b.w.s.c.AnnotationConfigServletWebServerApplicationContext (558) Exception encountered during context initialization - cancelling refresh attempt: org.springframework.beans.factory.BeanDefinitionStoreException: Failed to read candidate component class: URL [jar:file:/root/.m2/repository/org/springframework/boot/spring-boot-autoconfigure/2.0.1.RELEASE/spring-boot-autoconfigure-2.0.1.RELEASE.jar!/org/springframework/boot/autoconfigure/jdbc/DataSourceAutoConfiguration$EmbeddedDatabaseConfiguration.class]; nested exception is java.lang.IllegalStateException: Could not evaluate condition on org.springframework.boot.autoconfigure.jdbc.DataSourceAutoConfiguration$EmbeddedDatabaseConfiguration due to org/springframework/dao/DataAccessException not found. Make sure your own configuration does not rely on that class. This can also happen if you are @ComponentScanning a springframework package (e.g. if you put a @ComponentScan in the default package by mistake)
2022-03-19 00:23:27.423 INFO  o.s.b.a.l.ConditionEvaluationReportLoggingListener (101) 

Error starting ApplicationContext. To display the conditions report re-run your application with 'debug' enabled.
2022-03-19 00:23:27.521 ERROR o.s.boot.SpringApplication            (842) Application run failed
org.springframework.beans.factory.BeanDefinitionStoreException: Failed to read candidate component class: URL [jar:file:/root/.m2/repository/org/springframework/boot/spring-boot-autoconfigure/2.0.1.RELEASE/spring-boot-autoconfigure-2.0.1.RELEASE.jar!/org/springframework/boot/autoconfigure/jdbc/DataSourceAutoConfiguration$EmbeddedDatabaseConfiguration.class]; nested exception is java.lang.IllegalStateException: Could not evaluate condition on org.springframework.boot.autoconfigure.jdbc.DataSourceAutoConfiguration$EmbeddedDatabaseConfiguration due to org/springframework/dao/DataAccessException not found. Make sure your own configuration does not rely on that class. This can also happen if you are @ComponentScanning a springframework package (e.g. if you put a @ComponentScan in the default package by mistake)
	at org.springframework.context.annotation.ClassPathScanningCandidateComponentProvider.scanCandidateComponents(ClassPathScanningCandidateComponentProvider.java:454)
	at org.springframework.context.annotation.ClassPathScanningCandidateComponentProvider.findCandidateComponents(ClassPathScanningCandidateComponentProvider.java:316)
	at org.springframework.context.annotation.ClassPathBeanDefinitionScanner.doScan(ClassPathBeanDefinitionScanner.java:275)
	at org.springframework.context.annotation.ComponentScanAnnotationParser.parse(ComponentScanAnnotationParser.java:132)
	at org.springframework.context.annotation.ConfigurationClassParser.doProcessConfigurationClass(ConfigurationClassParser.java:288)
	at org.springframework.context.annotation.ConfigurationClassParser.processConfigurationClass(ConfigurationClassParser.java:245)
	at org.springframework.context.annotation.ConfigurationClassParser.parse(ConfigurationClassParser.java:202)
	at org.springframework.context.annotation.ConfigurationClassParser.parse(ConfigurationClassParser.java:170)
	at org.springframework.context.annotation.ConfigurationClassPostProcessor.processConfigBeanDefinitions(ConfigurationClassPostProcessor.java:316)
	at org.springframework.context.annotation.ConfigurationClassPostProcessor.postProcessBeanDefinitionRegistry(ConfigurationClassPostProcessor.java:233)
	at org.springframework.context.support.PostProcessorRegistrationDelegate.invokeBeanDefinitionRegistryPostProcessors(PostProcessorRegistrationDelegate.java:273)
	at org.springframework.context.support.PostProcessorRegistrationDelegate.invokeBeanFactoryPostProcessors(PostProcessorRegistrationDelegate.java:93)
	at org.springframework.context.support.AbstractApplicationContext.invokeBeanFactoryPostProcessors(AbstractApplicationContext.java:694)
	at org.springframework.context.support.AbstractApplicationContext.refresh(AbstractApplicationContext.java:532)
	at org.springframework.boot.web.servlet.context.ServletWebServerApplicationContext.refresh(ServletWebServerApplicationContext.java:140)
	at org.springframework.boot.SpringApplication.refresh(SpringApplication.java:759)
	at org.springframework.boot.SpringApplication.refreshContext(SpringApplication.java:395)
	at org.springframework.boot.SpringApplication.run(SpringApplication.java:327)
	at org.springframework.boot.SpringApplication.run(SpringApplication.java:1255)
	at org.springframework.boot.SpringApplication.run(SpringApplication.java:1243)
	at Application.main(Application.java:7)
	at sun.reflect.NativeMethodAccessorImpl.invoke0(Native Method)
	at sun.reflect.NativeMethodAccessorImpl.invoke(NativeMethodAccessorImpl.java:62)
	at sun.reflect.DelegatingMethodAccessorImpl.invoke(DelegatingMethodAccessorImpl.java:43)
	at java.lang.reflect.Method.invoke(Method.java:498)
	at org.springframework.boot.maven.AbstractRunMojo$LaunchRunner.run(AbstractRunMojo.java:496)
	at java.lang.Thread.run(Thread.java:745)
Caused by: java.lang.IllegalStateException: Could not evaluate condition on org.springframework.boot.autoconfigure.jdbc.DataSourceAutoConfiguration$EmbeddedDatabaseConfiguration due to org/springframework/dao/DataAccessException not found. Make sure your own configuration does not rely on that class. This can also happen if you are @ComponentScanning a springframework package (e.g. if you put a @ComponentScan in the default package by mistake)
	at org.springframework.boot.autoconfigure.condition.SpringBootCondition.matches(SpringBootCondition.java:55)
	at org.springframework.context.annotation.ConditionEvaluator.shouldSkip(ConditionEvaluator.java:108)
	at org.springframework.context.annotation.ConditionEvaluator.shouldSkip(ConditionEvaluator.java:88)
	at org.springframework.context.annotation.ConditionEvaluator.shouldSkip(ConditionEvaluator.java:71)
	at org.springframework.context.annotation.ClassPathScanningCandidateComponentProvider.isConditionMatch(ClassPathScanningCandidateComponentProvider.java:515)
	at org.springframework.context.annotation.ClassPathScanningCandidateComponentProvider.isCandidateComponent(ClassPathScanningCandidateComponentProvider.java:498)
	at org.springframework.context.annotation.ClassPathScanningCandidateComponentProvider.scanCandidateComponents(ClassPathScanningCandidateComponentProvider.java:431)
	... 26 common frames omitted
Caused by: java.lang.NoClassDefFoundError: org/springframework/dao/DataAccessException
	at org.springframework.boot.autoconfigure.jdbc.DataSourceAutoConfiguration$EmbeddedDatabaseCondition.getMatchOutcome(DataSourceAutoConfiguration.java:148)
	at org.springframework.boot.autoconfigure.condition.SpringBootCondition.matches(SpringBootCondition.java:47)
	... 32 common frames omitted
Caused by: java.lang.ClassNotFoundException: org.springframework.dao.DataAccessException
	at java.net.URLClassLoader.findClass(URLClassLoader.java:381)
	at java.lang.ClassLoader.loadClass(ClassLoader.java:424)
	at java.lang.ClassLoader.loadClass(ClassLoader.java:357)
	... 34 common frames omitted
2022-03-19 00:28:08.124 DEBUG o.s.w.c.s.StandardServletEnvironment  (98) Adding PropertySource 'configurationProperties' with highest search precedence
2022-03-19 00:28:09.720 DEBUG o.s.w.c.s.StandardServletEnvironment  (109) Adding PropertySource 'servletConfigInitParams' with lowest search precedence
2022-03-19 00:28:09.721 DEBUG o.s.w.c.s.StandardServletEnvironment  (109) Adding PropertySource 'servletContextInitParams' with lowest search precedence
2022-03-19 00:28:09.721 DEBUG o.s.w.c.s.StandardServletEnvironment  (109) Adding PropertySource 'systemProperties' with lowest search precedence
2022-03-19 00:28:09.722 DEBUG o.s.w.c.s.StandardServletEnvironment  (109) Adding PropertySource 'systemEnvironment' with lowest search precedence
2022-03-19 00:28:09.722 DEBUG o.s.w.c.s.StandardServletEnvironment  (125) Initialized StandardServletEnvironment with PropertySources [StubPropertySource {name='servletConfigInitParams'}, StubPropertySource {name='servletContextInitParams'}, MapPropertySource {name='systemProperties'}, SystemEnvironmentPropertySource {name='systemEnvironment'}]
2022-03-19 00:28:13.023 INFO  o.s.b.w.s.c.AnnotationConfigServletWebServerApplicationContext (590) Refreshing org.springframework.boot.web.servlet.context.AnnotationConfigServletWebServerApplicationContext@6e351c1d: startup date [Sat Mar 19 00:28:13 UTC 2022]; root of context hierarchy
2022-03-19 00:28:25.419 DEBUG o.s.w.c.s.StandardServletEnvironment  (159) Removing PropertySource 'defaultProperties'
2022-03-19 00:28:34.422 INFO  o.s.b.w.e.tomcat.TomcatWebServer      (91) Tomcat initialized with port(s): 8080 (http)
2022-03-19 00:28:38.619 DEBUG o.s.web.context.ContextLoader         (277) Published root WebApplicationContext as ServletContext attribute with name [org.springframework.web.context.WebApplicationContext.ROOT]
2022-03-19 00:28:38.921 INFO  o.s.web.context.ContextLoader         (285) Root WebApplicationContext: initialization completed in 25898 ms
2022-03-19 00:28:43.226 INFO  o.s.b.w.s.ServletRegistrationBean     (185) Servlet dispatcherServlet mapped to [/]
2022-03-19 00:28:43.320 INFO  o.s.b.w.s.FilterRegistrationBean      (244) Mapping filter: 'characterEncodingFilter' to: [/*]
2022-03-19 00:28:43.321 INFO  o.s.b.w.s.FilterRegistrationBean      (244) Mapping filter: 'hiddenHttpMethodFilter' to: [/*]
2022-03-19 00:28:43.322 INFO  o.s.b.w.s.FilterRegistrationBean      (244) Mapping filter: 'httpPutFormContentFilter' to: [/*]
2022-03-19 00:28:43.419 INFO  o.s.b.w.s.FilterRegistrationBean      (244) Mapping filter: 'requestContextFilter' to: [/*]
2022-03-19 00:28:44.619 DEBUG o.s.w.c.s.StandardServletEnvironment  (174) Replacing PropertySource 'servletContextInitParams' with 'servletContextInitParams'
2022-03-19 00:28:48.019 INFO  o.s.w.s.h.SimpleUrlHandlerMapping     (373) Mapped URL path [/**/favicon.ico] onto handler of type [class org.springframework.web.servlet.resource.ResourceHttpRequestHandler]
2022-03-19 00:28:54.020 INFO  o.s.w.s.m.m.a.RequestMappingHandlerAdapter (574) Looking for @ControllerAdvice: org.springframework.boot.web.servlet.context.AnnotationConfigServletWebServerApplicationContext@6e351c1d: startup date [Sat Mar 19 00:28:13 UTC 2022]; root of context hierarchy
2022-03-19 00:28:55.826 DEBUG o.s.w.s.m.m.a.RequestMappingHandlerMapping (199) Looking for request mappings in application context: org.springframework.boot.web.servlet.context.AnnotationConfigServletWebServerApplicationContext@6e351c1d: startup date [Sat Mar 19 00:28:13 UTC 2022]; root of context hierarchy
2022-03-19 00:28:56.124 DEBUG o.s.w.s.m.m.a.RequestMappingHandlerMapping (246) 2 request handler methods found on class org.springframework.boot.autoconfigure.web.servlet.error.BasicErrorController: {public org.springframework.web.servlet.ModelAndView org.springframework.boot.autoconfigure.web.servlet.error.BasicErrorController.errorHtml(javax.servlet.http.HttpServletRequest,javax.servlet.http.HttpServletResponse)={[/error],produces=[text/html]}, public org.springframework.http.ResponseEntity org.springframework.boot.autoconfigure.web.servlet.error.BasicErrorController.error(javax.servlet.http.HttpServletRequest)={[/error]}}
2022-03-19 00:28:56.125 INFO  o.s.w.s.m.m.a.RequestMappingHandlerMapping (547) Mapped "{[/error],produces=[text/html]}" onto public org.springframework.web.servlet.ModelAndView org.springframework.boot.autoconfigure.web.servlet.error.BasicErrorController.errorHtml(javax.servlet.http.HttpServletRequest,javax.servlet.http.HttpServletResponse)
2022-03-19 00:28:56.319 INFO  o.s.w.s.m.m.a.RequestMappingHandlerMapping (547) Mapped "{[/error]}" onto public org.springframework.http.ResponseEntity<java.util.Map<java.lang.String, java.lang.Object>> org.springframework.boot.autoconfigure.web.servlet.error.BasicErrorController.error(javax.servlet.http.HttpServletRequest)
2022-03-19 00:28:56.821 DEBUG o.s.w.s.h.BeanNameUrlHandlerMapping   (73) Looking for URL mappings in application context: org.springframework.boot.web.servlet.context.AnnotationConfigServletWebServerApplicationContext@6e351c1d: startup date [Sat Mar 19 00:28:13 UTC 2022]; root of context hierarchy
2022-03-19 00:28:56.821 DEBUG o.s.w.s.h.BeanNameUrlHandlerMapping   (88) Rejected bean name 'org.springframework.context.annotation.internalConfigurationAnnotationProcessor': no URL paths identified
2022-03-19 00:28:56.822 DEBUG o.s.w.s.h.BeanNameUrlHandlerMapping   (88) Rejected bean name 'org.springframework.context.annotation.internalAutowiredAnnotationProcessor': no URL paths identified
2022-03-19 00:28:56.822 DEBUG o.s.w.s.h.BeanNameUrlHandlerMapping   (88) Rejected bean name 'org.springframework.context.annotation.internalRequiredAnnotationProcessor': no URL paths identified
2022-03-19 00:28:56.919 DEBUG o.s.w.s.h.BeanNameUrlHandlerMapping   (88) Rejected bean name 'org.springframework.context.annotation.internalCommonAnnotationProcessor': no URL paths identified
2022-03-19 00:28:56.919 DEBUG o.s.w.s.h.BeanNameUrlHandlerMapping   (88) Rejected bean name 'org.springframework.context.event.internalEventListenerProcessor': no URL paths identified
2022-03-19 00:28:56.920 DEBUG o.s.w.s.h.BeanNameUrlHandlerMapping   (88) Rejected bean name 'org.springframework.context.event.internalEventListenerFactory': no URL paths identified
2022-03-19 00:28:56.920 DEBUG o.s.w.s.h.BeanNameUrlHandlerMapping   (88) Rejected bean name 'application': no URL paths identified
2022-03-19 00:28:56.920 DEBUG o.s.w.s.h.BeanNameUrlHandlerMapping   (88) Rejected bean name 'org.springframework.boot.autoconfigure.internalCachingMetadataReaderFactory': no URL paths identified
2022-03-19 00:28:56.921 DEBUG o.s.w.s.h.BeanNameUrlHandlerMapping   (88) Rejected bean name 'org.springframework.boot.autoconfigure.AutoConfigurationPackages': no URL paths identified
2022-03-19 00:28:56.921 DEBUG o.s.w.s.h.BeanNameUrlHandlerMapping   (88) Rejected bean name 'org.springframework.boot.autoconfigure.context.PropertyPlaceholderAutoConfiguration': no URL paths identified
2022-03-19 00:28:56.922 DEBUG o.s.w.s.h.BeanNameUrlHandlerMapping   (88) Rejected bean name 'org.springframework.boot.autoconfigure.condition.BeanTypeRegistry': no URL paths identified
2022-03-19 00:28:56.922 DEBUG o.s.w.s.h.BeanNameUrlHandlerMapping   (88) Rejected bean name 'propertySourcesPlaceholderConfigurer': no URL paths identified
2022-03-19 00:28:57.022 DEBUG o.s.w.s.h.BeanNameUrlHandlerMapping   (88) Rejected bean name 'org.springframework.boot.autoconfigure.websocket.servlet.WebSocketServletAutoConfiguration$TomcatWebSocketConfiguration': no URL paths identified
2022-03-19 00:28:57.120 DEBUG o.s.w.s.h.BeanNameUrlHandlerMapping   (88) Rejected bean name 'websocketContainerCustomizer': no URL paths identified
2022-03-19 00:28:57.319 DEBUG o.s.w.s.h.BeanNameUrlHandlerMapping   (88) Rejected bean name 'org.springframework.boot.autoconfigure.websocket.servlet.WebSocketServletAutoConfiguration': no URL paths identified
2022-03-19 00:28:57.319 DEBUG o.s.w.s.h.BeanNameUrlHandlerMapping   (88) Rejected bean name 'org.springframework.boot.autoconfigure.web.servlet.ServletWebServerFactoryConfiguration$EmbeddedTomcat': no URL paths identified
2022-03-19 00:28:57.320 DEBUG o.s.w.s.h.BeanNameUrlHandlerMapping   (88) Rejected bean name 'tomcatServletWebServerFactory': no URL paths identified
2022-03-19 00:28:57.321 DEBUG o.s.w.s.h.BeanNameUrlHandlerMapping   (88) Rejected bean name 'org.springframework.boot.autoconfigure.web.servlet.ServletWebServerFactoryAutoConfiguration': no URL paths identified
2022-03-19 00:28:57.322 DEBUG o.s.w.s.h.BeanNameUrlHandlerMapping   (88) Rejected bean name 'servletWebServerFactoryCustomizer': no URL paths identified
2022-03-19 00:28:57.323 DEBUG o.s.w.s.h.BeanNameUrlHandlerMapping   (88) Rejected bean name 'tomcatServletWebServerFactoryCustomizer': no URL paths identified
2022-03-19 00:28:57.323 DEBUG o.s.w.s.h.BeanNameUrlHandlerMapping   (88) Rejected bean name 'server-org.springframework.boot.autoconfigure.web.ServerProperties': no URL paths identified
2022-03-19 00:28:57.323 DEBUG o.s.w.s.h.BeanNameUrlHandlerMapping   (88) Rejected bean name 'org.springframework.boot.context.properties.ConfigurationPropertiesBindingPostProcessor': no URL paths identified
2022-03-19 00:28:57.323 DEBUG o.s.w.s.h.BeanNameUrlHandlerMapping   (88) Rejected bean name 'org.springframework.boot.context.properties.ConfigurationBeanFactoryMetadata': no URL paths identified
2022-03-19 00:28:57.323 DEBUG o.s.w.s.h.BeanNameUrlHandlerMapping   (88) Rejected bean name 'webServerFactoryCustomizerBeanPostProcessor': no URL paths identified
2022-03-19 00:28:57.324 DEBUG o.s.w.s.h.BeanNameUrlHandlerMapping   (88) Rejected bean name 'errorPageRegistrarBeanPostProcessor': no URL paths identified
2022-03-19 00:28:57.324 DEBUG o.s.w.s.h.BeanNameUrlHandlerMapping   (88) Rejected bean name 'org.springframework.boot.autoconfigure.web.servlet.DispatcherServletAutoConfiguration$DispatcherServletConfiguration': no URL paths identified
2022-03-19 00:28:57.324 DEBUG o.s.w.s.h.BeanNameUrlHandlerMapping   (88) Rejected bean name 'dispatcherServlet': no URL paths identified
2022-03-19 00:28:57.324 DEBUG o.s.w.s.h.BeanNameUrlHandlerMapping   (88) Rejected bean name 'spring.mvc-org.springframework.boot.autoconfigure.web.servlet.WebMvcProperties': no URL paths identified
2022-03-19 00:28:57.325 DEBUG o.s.w.s.h.BeanNameUrlHandlerMapping   (88) Rejected bean name 'org.springframework.boot.autoconfigure.web.servlet.DispatcherServletAutoConfiguration$DispatcherServletRegistrationConfiguration': no URL paths identified
2022-03-19 00:28:57.325 DEBUG o.s.w.s.h.BeanNameUrlHandlerMapping   (88) Rejected bean name 'dispatcherServletRegistration': no URL paths identified
2022-03-19 00:28:57.325 DEBUG o.s.w.s.h.BeanNameUrlHandlerMapping   (88) Rejected bean name 'org.springframework.boot.autoconfigure.web.servlet.DispatcherServletAutoConfiguration': no URL paths identified
2022-03-19 00:28:57.325 DEBUG o.s.w.s.h.BeanNameUrlHandlerMapping   (88) Rejected bean name 'org.springframework.boot.autoconfigure.validation.ValidationAutoConfiguration': no URL paths identified
2022-03-19 00:28:57.325 DEBUG o.s.w.s.h.BeanNameUrlHandlerMapping   (88) Rejected bean name 'defaultValidator': no URL paths identified
2022-03-19 00:28:57.326 DEBUG o.s.w.s.h.BeanNameUrlHandlerMapping   (88) Rejected bean name 'methodValidationPostProcessor': no URL paths identified
2022-03-19 00:28:57.326 DEBUG o.s.w.s.h.BeanNameUrlHandlerMapping   (88) Rejected bean name 'org.springframework.boot.autoconfigure.web.servlet.error.ErrorMvcAutoConfiguration$DefaultErrorViewResolverConfiguration': no URL paths identified
2022-03-19 00:28:57.326 DEBUG o.s.w.s.h.BeanNameUrlHandlerMapping   (88) Rejected bean name 'conventionErrorViewResolver': no URL paths identified
2022-03-19 00:28:57.326 DEBUG o.s.w.s.h.BeanNameUrlHandlerMapping   (88) Rejected bean name 'org.springframework.boot.autoconfigure.web.servlet.error.ErrorMvcAutoConfiguration': no URL paths identified
2022-03-19 00:28:57.418 DEBUG o.s.w.s.h.BeanNameUrlHandlerMapping   (88) Rejected bean name 'errorAttributes': no URL paths identified
2022-03-19 00:28:57.519 DEBUG o.s.w.s.h.BeanNameUrlHandlerMapping   (88) Rejected bean name 'basicErrorController': no URL paths identified
2022-03-19 00:28:57.520 DEBUG o.s.w.s.h.BeanNameUrlHandlerMapping   (88) Rejected bean name 'errorPageCustomizer': no URL paths identified
2022-03-19 00:28:57.520 DEBUG o.s.w.s.h.BeanNameUrlHandlerMapping   (88) Rejected bean name 'preserveErrorControllerTargetClassPostProcessor': no URL paths identified
2022-03-19 00:28:57.521 DEBUG o.s.w.s.h.BeanNameUrlHandlerMapping   (88) Rejected bean name 'spring.resources-org.springframework.boot.autoconfigure.web.ResourceProperties': no URL paths identified
2022-03-19 00:28:57.521 DEBUG o.s.w.s.h.BeanNameUrlHandlerMapping   (88) Rejected bean name 'org.springframework.boot.autoconfigure.web.servlet.WebMvcAutoConfiguration$WebMvcAutoConfigurationAdapter$FaviconConfiguration': no URL paths identified
2022-03-19 00:28:57.522 DEBUG o.s.w.s.h.BeanNameUrlHandlerMapping   (88) Rejected bean name 'faviconHandlerMapping': no URL paths identified
2022-03-19 00:28:57.522 DEBUG o.s.w.s.h.BeanNameUrlHandlerMapping   (88) Rejected bean name 'faviconRequestHandler': no URL paths identified
2022-03-19 00:28:57.522 DEBUG o.s.w.s.h.BeanNameUrlHandlerMapping   (88) Rejected bean name 'org.springframework.boot.autoconfigure.web.servlet.WebMvcAutoConfiguration$EnableWebMvcConfiguration': no URL paths identified
2022-03-19 00:28:57.523 DEBUG o.s.w.s.h.BeanNameUrlHandlerMapping   (88) Rejected bean name 'requestMappingHandlerAdapter': no URL paths identified
2022-03-19 00:28:57.523 DEBUG o.s.w.s.h.BeanNameUrlHandlerMapping   (88) Rejected bean name 'requestMappingHandlerMapping': no URL paths identified
2022-03-19 00:28:57.523 DEBUG o.s.w.s.h.BeanNameUrlHandlerMapping   (88) Rejected bean name 'mvcConversionService': no URL paths identified
2022-03-19 00:28:57.523 DEBUG o.s.w.s.h.BeanNameUrlHandlerMapping   (88) Rejected bean name 'mvcValidator': no URL paths identified
2022-03-19 00:28:57.523 DEBUG o.s.w.s.h.BeanNameUrlHandlerMapping   (88) Rejected bean name 'mvcContentNegotiationManager': no URL paths identified
2022-03-19 00:28:57.620 DEBUG o.s.w.s.h.BeanNameUrlHandlerMapping   (88) Rejected bean name 'mvcPathMatcher': no URL paths identified
2022-03-19 00:28:57.620 DEBUG o.s.w.s.h.BeanNameUrlHandlerMapping   (88) Rejected bean name 'mvcUrlPathHelper': no URL paths identified
2022-03-19 00:28:57.621 DEBUG o.s.w.s.h.BeanNameUrlHandlerMapping   (88) Rejected bean name 'viewControllerHandlerMapping': no URL paths identified
2022-03-19 00:28:57.621 DEBUG o.s.w.s.h.BeanNameUrlHandlerMapping   (88) Rejected bean name 'beanNameHandlerMapping': no URL paths identified
2022-03-19 00:28:57.621 DEBUG o.s.w.s.h.BeanNameUrlHandlerMapping   (88) Rejected bean name 'resourceHandlerMapping': no URL paths identified
2022-03-19 00:28:57.622 DEBUG o.s.w.s.h.BeanNameUrlHandlerMapping   (88) Rejected bean name 'mvcResourceUrlProvider': no URL paths identified
2022-03-19 00:28:57.622 DEBUG o.s.w.s.h.BeanNameUrlHandlerMapping   (88) Rejected bean name 'defaultServletHandlerMapping': no URL paths identified
2022-03-19 00:28:57.622 DEBUG o.s.w.s.h.BeanNameUrlHandlerMapping   (88) Rejected bean name 'mvcUriComponentsContributor': no URL paths identified
2022-03-19 00:28:57.623 DEBUG o.s.w.s.h.BeanNameUrlHandlerMapping   (88) Rejected bean name 'httpRequestHandlerAdapter': no URL paths identified
2022-03-19 00:28:57.623 DEBUG o.s.w.s.h.BeanNameUrlHandlerMapping   (88) Rejected bean name 'simpleControllerHandlerAdapter': no URL paths identified
2022-03-19 00:28:57.623 DEBUG o.s.w.s.h.BeanNameUrlHandlerMapping   (88) Rejected bean name 'handlerExceptionResolver': no URL paths identified
2022-03-19 00:28:57.623 DEBUG o.s.w.s.h.BeanNameUrlHandlerMapping   (88) Rejected bean name 'mvcViewResolver': no URL paths identified
2022-03-19 00:28:57.623 DEBUG o.s.w.s.h.BeanNameUrlHandlerMapping   (88) Rejected bean name 'mvcHandlerMappingIntrospector': no URL paths identified
2022-03-19 00:28:57.624 DEBUG o.s.w.s.h.BeanNameUrlHandlerMapping   (88) Rejected bean name 'org.springframework.boot.autoconfigure.web.servlet.WebMvcAutoConfiguration$WebMvcAutoConfigurationAdapter': no URL paths identified
2022-03-19 00:28:57.624 DEBUG o.s.w.s.h.BeanNameUrlHandlerMapping   (88) Rejected bean name 'defaultViewResolver': no URL paths identified
2022-03-19 00:28:57.624 DEBUG o.s.w.s.h.BeanNameUrlHandlerMapping   (88) Rejected bean name 'viewResolver': no URL paths identified
2022-03-19 00:28:57.624 DEBUG o.s.w.s.h.BeanNameUrlHandlerMapping   (88) Rejected bean name 'welcomePageHandlerMapping': no URL paths identified
2022-03-19 00:28:57.625 DEBUG o.s.w.s.h.BeanNameUrlHandlerMapping   (88) Rejected bean name 'requestContextFilter': no URL paths identified
2022-03-19 00:28:57.625 DEBUG o.s.w.s.h.BeanNameUrlHandlerMapping   (88) Rejected bean name 'org.springframework.boot.autoconfigure.web.servlet.WebMvcAutoConfiguration': no URL paths identified
2022-03-19 00:28:57.625 DEBUG o.s.w.s.h.BeanNameUrlHandlerMapping   (88) Rejected bean name 'hiddenHttpMethodFilter': no URL paths identified
2022-03-19 00:28:57.625 DEBUG o.s.w.s.h.BeanNameUrlHandlerMapping   (88) Rejected bean name 'httpPutFormContentFilter': no URL paths identified
2022-03-19 00:28:57.625 DEBUG o.s.w.s.h.BeanNameUrlHandlerMapping   (88) Rejected bean name 'org.springframework.boot.autoconfigure.jmx.JmxAutoConfiguration': no URL paths identified
2022-03-19 00:28:57.626 DEBUG o.s.w.s.h.BeanNameUrlHandlerMapping   (88) Rejected bean name 'mbeanExporter': no URL paths identified
2022-03-19 00:28:57.626 DEBUG o.s.w.s.h.BeanNameUrlHandlerMapping   (88) Rejected bean name 'objectNamingStrategy': no URL paths identified
2022-03-19 00:28:57.626 DEBUG o.s.w.s.h.BeanNameUrlHandlerMapping   (88) Rejected bean name 'mbeanServer': no URL paths identified
2022-03-19 00:28:57.626 DEBUG o.s.w.s.h.BeanNameUrlHandlerMapping   (88) Rejected bean name 'org.springframework.boot.autoconfigure.context.ConfigurationPropertiesAutoConfiguration': no URL paths identified
2022-03-19 00:28:57.719 DEBUG o.s.w.s.h.BeanNameUrlHandlerMapping   (88) Rejected bean name 'org.springframework.boot.autoconfigure.jackson.JacksonAutoConfiguration$Jackson2ObjectMapperBuilderCustomizerConfiguration': no URL paths identified
2022-03-19 00:28:57.720 DEBUG o.s.w.s.h.BeanNameUrlHandlerMapping   (88) Rejected bean name 'standardJacksonObjectMapperBuilderCustomizer': no URL paths identified
2022-03-19 00:28:57.720 DEBUG o.s.w.s.h.BeanNameUrlHandlerMapping   (88) Rejected bean name 'spring.jackson-org.springframework.boot.autoconfigure.jackson.JacksonProperties': no URL paths identified
2022-03-19 00:28:57.721 DEBUG o.s.w.s.h.BeanNameUrlHandlerMapping   (88) Rejected bean name 'org.springframework.boot.autoconfigure.jackson.JacksonAutoConfiguration$JacksonObjectMapperBuilderConfiguration': no URL paths identified
2022-03-19 00:28:57.721 DEBUG o.s.w.s.h.BeanNameUrlHandlerMapping   (88) Rejected bean name 'jacksonObjectMapperBuilder': no URL paths identified
2022-03-19 00:28:57.721 DEBUG o.s.w.s.h.BeanNameUrlHandlerMapping   (88) Rejected bean name 'org.springframework.boot.autoconfigure.jackson.JacksonAutoConfiguration$ParameterNamesModuleConfiguration': no URL paths identified
2022-03-19 00:28:57.721 DEBUG o.s.w.s.h.BeanNameUrlHandlerMapping   (88) Rejected bean name 'parameterNamesModule': no URL paths identified
2022-03-19 00:28:57.721 DEBUG o.s.w.s.h.BeanNameUrlHandlerMapping   (88) Rejected bean name 'org.springframework.boot.autoconfigure.jackson.JacksonAutoConfiguration$JacksonObjectMapperConfiguration': no URL paths identified
2022-03-19 00:28:57.721 DEBUG o.s.w.s.h.BeanNameUrlHandlerMapping   (88) Rejected bean name 'jacksonObjectMapper': no URL paths identified
2022-03-19 00:28:57.721 DEBUG o.s.w.s.h.BeanNameUrlHandlerMapping   (88) Rejected bean name 'org.springframework.boot.autoconfigure.jackson.JacksonAutoConfiguration': no URL paths identified
2022-03-19 00:28:57.722 DEBUG o.s.w.s.h.BeanNameUrlHandlerMapping   (88) Rejected bean name 'jsonComponentModule': no URL paths identified
2022-03-19 00:28:57.722 DEBUG o.s.w.s.h.BeanNameUrlHandlerMapping   (88) Rejected bean name 'org.springframework.boot.autoconfigure.http.HttpMessageConvertersAutoConfiguration$StringHttpMessageConverterConfiguration': no URL paths identified
2022-03-19 00:28:57.722 DEBUG o.s.w.s.h.BeanNameUrlHandlerMapping   (88) Rejected bean name 'stringHttpMessageConverter': no URL paths identified
2022-03-19 00:28:57.722 DEBUG o.s.w.s.h.BeanNameUrlHandlerMapping   (88) Rejected bean name 'spring.http.encoding-org.springframework.boot.autoconfigure.http.HttpEncodingProperties': no URL paths identified
2022-03-19 00:28:57.819 DEBUG o.s.w.s.h.BeanNameUrlHandlerMapping   (88) Rejected bean name 'org.springframework.boot.autoconfigure.http.JacksonHttpMessageConvertersConfiguration$MappingJackson2HttpMessageConverterConfiguration': no URL paths identified
2022-03-19 00:28:57.819 DEBUG o.s.w.s.h.BeanNameUrlHandlerMapping   (88) Rejected bean name 'mappingJackson2HttpMessageConverter': no URL paths identified
2022-03-19 00:28:57.819 DEBUG o.s.w.s.h.BeanNameUrlHandlerMapping   (88) Rejected bean name 'org.springframework.boot.autoconfigure.http.JacksonHttpMessageConvertersConfiguration': no URL paths identified
2022-03-19 00:28:57.820 DEBUG o.s.w.s.h.BeanNameUrlHandlerMapping   (88) Rejected bean name 'org.springframework.boot.autoconfigure.http.HttpMessageConvertersAutoConfiguration': no URL paths identified
2022-03-19 00:28:57.820 DEBUG o.s.w.s.h.BeanNameUrlHandlerMapping   (88) Rejected bean name 'messageConverters': no URL paths identified
2022-03-19 00:28:57.820 DEBUG o.s.w.s.h.BeanNameUrlHandlerMapping   (88) Rejected bean name 'org.springframework.boot.autoconfigure.http.codec.CodecsAutoConfiguration$JacksonCodecConfiguration': no URL paths identified
2022-03-19 00:28:57.821 DEBUG o.s.w.s.h.BeanNameUrlHandlerMapping   (88) Rejected bean name 'jacksonCodecCustomizer': no URL paths identified
2022-03-19 00:28:57.821 DEBUG o.s.w.s.h.BeanNameUrlHandlerMapping   (88) Rejected bean name 'org.springframework.boot.autoconfigure.http.codec.CodecsAutoConfiguration': no URL paths identified
2022-03-19 00:28:57.821 DEBUG o.s.w.s.h.BeanNameUrlHandlerMapping   (88) Rejected bean name 'org.springframework.boot.autoconfigure.info.ProjectInfoAutoConfiguration': no URL paths identified
2022-03-19 00:28:57.822 DEBUG o.s.w.s.h.BeanNameUrlHandlerMapping   (88) Rejected bean name 'spring.info-org.springframework.boot.autoconfigure.info.ProjectInfoProperties': no URL paths identified
2022-03-19 00:28:57.822 DEBUG o.s.w.s.h.BeanNameUrlHandlerMapping   (88) Rejected bean name 'org.springframework.boot.autoconfigure.security.reactive.ReactiveSecurityAutoConfiguration': no URL paths identified
2022-03-19 00:28:57.822 DEBUG o.s.w.s.h.BeanNameUrlHandlerMapping   (88) Rejected bean name 'spring.security-org.springframework.boot.autoconfigure.security.SecurityProperties': no URL paths identified
2022-03-19 00:28:57.919 DEBUG o.s.w.s.h.BeanNameUrlHandlerMapping   (88) Rejected bean name 'org.springframework.boot.autoconfigure.web.client.RestTemplateAutoConfiguration': no URL paths identified
2022-03-19 00:28:58.019 DEBUG o.s.w.s.h.BeanNameUrlHandlerMapping   (88) Rejected bean name 'restTemplateBuilder': no URL paths identified
2022-03-19 00:28:58.019 DEBUG o.s.w.s.h.BeanNameUrlHandlerMapping   (88) Rejected bean name 'org.springframework.boot.autoconfigure.web.embedded.EmbeddedWebServerFactoryCustomizerAutoConfiguration$TomcatWebServerFactoryCustomizerConfiguration': no URL paths identified
2022-03-19 00:28:58.019 DEBUG o.s.w.s.h.BeanNameUrlHandlerMapping   (88) Rejected bean name 'tomcatWebServerFactoryCustomizer': no URL paths identified
2022-03-19 00:28:58.020 DEBUG o.s.w.s.h.BeanNameUrlHandlerMapping   (88) Rejected bean name 'org.springframework.boot.autoconfigure.web.embedded.EmbeddedWebServerFactoryCustomizerAutoConfiguration': no URL paths identified
2022-03-19 00:28:58.020 DEBUG o.s.w.s.h.BeanNameUrlHandlerMapping   (88) Rejected bean name 'org.springframework.boot.autoconfigure.web.servlet.HttpEncodingAutoConfiguration': no URL paths identified
2022-03-19 00:28:58.020 DEBUG o.s.w.s.h.BeanNameUrlHandlerMapping   (88) Rejected bean name 'characterEncodingFilter': no URL paths identified
2022-03-19 00:28:58.021 DEBUG o.s.w.s.h.BeanNameUrlHandlerMapping   (88) Rejected bean name 'localeCharsetMappingsCustomizer': no URL paths identified
2022-03-19 00:28:58.021 DEBUG o.s.w.s.h.BeanNameUrlHandlerMapping   (88) Rejected bean name 'org.springframework.boot.autoconfigure.web.servlet.MultipartAutoConfiguration': no URL paths identified
2022-03-19 00:28:58.021 DEBUG o.s.w.s.h.BeanNameUrlHandlerMapping   (88) Rejected bean name 'multipartConfigElement': no URL paths identified
2022-03-19 00:28:58.021 DEBUG o.s.w.s.h.BeanNameUrlHandlerMapping   (88) Rejected bean name 'multipartResolver': no URL paths identified
2022-03-19 00:28:58.022 DEBUG o.s.w.s.h.BeanNameUrlHandlerMapping   (88) Rejected bean name 'spring.servlet.multipart-org.springframework.boot.autoconfigure.web.servlet.MultipartProperties': no URL paths identified
2022-03-19 00:28:58.022 DEBUG o.s.w.s.h.BeanNameUrlHandlerMapping   (88) Rejected bean name 'autoConfigurationReport': no URL paths identified
2022-03-19 00:28:58.023 DEBUG o.s.w.s.h.BeanNameUrlHandlerMapping   (88) Rejected bean name 'org.springframework.boot.context.ContextIdApplicationContextInitializer$ContextId': no URL paths identified
2022-03-19 00:28:58.023 DEBUG o.s.w.s.h.BeanNameUrlHandlerMapping   (88) Rejected bean name 'springApplicationArguments': no URL paths identified
2022-03-19 00:28:58.023 DEBUG o.s.w.s.h.BeanNameUrlHandlerMapping   (88) Rejected bean name 'springBootBanner': no URL paths identified
2022-03-19 00:28:58.023 DEBUG o.s.w.s.h.BeanNameUrlHandlerMapping   (88) Rejected bean name 'springBootLoggingSystem': no URL paths identified
2022-03-19 00:28:58.024 DEBUG o.s.w.s.h.BeanNameUrlHandlerMapping   (88) Rejected bean name 'environment': no URL paths identified
2022-03-19 00:28:58.119 DEBUG o.s.w.s.h.BeanNameUrlHandlerMapping   (88) Rejected bean name 'systemProperties': no URL paths identified
2022-03-19 00:28:58.320 DEBUG o.s.w.s.h.BeanNameUrlHandlerMapping   (88) Rejected bean name 'systemEnvironment': no URL paths identified
2022-03-19 00:28:58.321 DEBUG o.s.w.s.h.BeanNameUrlHandlerMapping   (88) Rejected bean name 'org.springframework.context.annotation.ConfigurationClassPostProcessor.importRegistry': no URL paths identified
2022-03-19 00:28:58.321 DEBUG o.s.w.s.h.BeanNameUrlHandlerMapping   (88) Rejected bean name 'messageSource': no URL paths identified
2022-03-19 00:28:58.322 DEBUG o.s.w.s.h.BeanNameUrlHandlerMapping   (88) Rejected bean name 'applicationEventMulticaster': no URL paths identified
2022-03-19 00:28:58.323 DEBUG o.s.w.s.h.BeanNameUrlHandlerMapping   (88) Rejected bean name 'servletContext': no URL paths identified
2022-03-19 00:28:58.323 DEBUG o.s.w.s.h.BeanNameUrlHandlerMapping   (88) Rejected bean name 'contextParameters': no URL paths identified
2022-03-19 00:28:58.324 DEBUG o.s.w.s.h.BeanNameUrlHandlerMapping   (88) Rejected bean name 'contextAttributes': no URL paths identified
2022-03-19 00:28:58.520 INFO  o.s.w.s.h.SimpleUrlHandlerMapping     (373) Mapped URL path [/webjars/**] onto handler of type [class org.springframework.web.servlet.resource.ResourceHttpRequestHandler]
2022-03-19 00:28:58.521 INFO  o.s.w.s.h.SimpleUrlHandlerMapping     (373) Mapped URL path [/**] onto handler of type [class org.springframework.web.servlet.resource.ResourceHttpRequestHandler]
2022-03-19 00:28:58.924 DEBUG o.s.w.s.m.m.a.ExceptionHandlerExceptionResolver (273) Looking for exception mappings: org.springframework.boot.web.servlet.context.AnnotationConfigServletWebServerApplicationContext@6e351c1d: startup date [Sat Mar 19 00:28:13 UTC 2022]; root of context hierarchy
2022-03-19 00:28:59.922 INFO  o.s.b.a.w.s.WelcomePageHandlerMapping (56) Adding welcome page: class path resource [static/index.html]
2022-03-19 00:29:03.222 INFO  o.s.j.e.a.AnnotationMBeanExporter     (433) Registering beans for JMX exposure on startup
2022-03-19 00:29:03.922 DEBUG o.s.w.s.resource.ResourceUrlProvider  (144) Looking for resource handler mappings
2022-03-19 00:29:04.119 DEBUG o.s.w.s.resource.ResourceUrlProvider  (156) Found resource handler mapping: URL pattern="/**/favicon.ico", locations=[class path resource [META-INF/resources/], class path resource [resources/], class path resource [static/], class path resource [public/], ServletContext resource [/], class path resource []], resolvers=[org.springframework.web.servlet.resource.PathResourceResolver@4a01350]
2022-03-19 00:29:04.120 DEBUG o.s.w.s.resource.ResourceUrlProvider  (156) Found resource handler mapping: URL pattern="/webjars/**", locations=[class path resource [META-INF/resources/webjars/]], resolvers=[org.springframework.web.servlet.resource.PathResourceResolver@4a11de8a]
2022-03-19 00:29:04.120 DEBUG o.s.w.s.resource.ResourceUrlProvider  (156) Found resource handler mapping: URL pattern="/**", locations=[class path resource [META-INF/resources/], class path resource [resources/], class path resource [static/], class path resource [public/], ServletContext resource [/]], resolvers=[org.springframework.web.servlet.resource.PathResourceResolver@53ea5bf7]
2022-03-19 00:29:05.421 INFO  o.s.b.w.e.tomcat.TomcatWebServer      (206) Tomcat started on port(s): 8080 (http) with context path ''
2022-03-19 00:29:05.423 DEBUG o.s.w.c.s.StandardServletEnvironment  (98) Adding PropertySource 'server.ports' with highest search precedence
